Arguments: 
  /usr/local/bin/node /usr/local/Cellar/yarn/1.7.0/libexec/bin/yarn.js

PATH: 
  /Users/joshhanson/.rvm/gems/ruby-2.4.1/bin:/Users/joshhanson/.rvm/gems/ruby-2.4.1@global/bin:/Users/joshhanson/.rvm/rubies/ruby-2.4.1/bin:/usr/local/bin:/usr/bin:/bin:/usr/sbin:/sbin:/usr/local/share/dotnet:/opt/X11/bin:/Library/Apple/usr/bin:/Library/Frameworks/Mono.framework/Versions/Current/Commands:/Users/joshhanson/.rvm/bin

Yarn version: 
  1.7.0

Node version: 
  12.16.3

Platform: 
  darwin x64

Trace: 
  SyntaxError: /Users/joshhanson/Documents/myproject/package.json: Unexpected token / in JSON at position 236
      at JSON.parse (<anonymous>)
      at /usr/local/Cellar/yarn/1.7.0/libexec/lib/cli.js:1130:59
      at Generator.next (<anonymous>)
      at step (/usr/local/Cellar/yarn/1.7.0/libexec/lib/cli.js:98:30)
      at /usr/local/Cellar/yarn/1.7.0/libexec/lib/cli.js:109:13

npm manifest: 
  {
    "name": "gatsby-starter-default",
    "description": "Gatsby default starter",
    "version": "1.0.0",
    "author": "Kyle Mathews <mathews.kyle@gmail.com>",
    "dependencies": {
      "node-pre-gyp": "0.12.0",
      "data.js": "^0.11.5",
      // "fs": "0.0.1-security",
      "gatsby": "^2.0.53",
      "gatsby-image": "^2.0.20",
      "gatsby-plugin-manifest": "^2.0.9",
      "gatsby-plugin-offline": "^2.0.16",
      "gatsby-plugin-react-helmet": "^3.0.2",
      "gatsby-plugin-sharp": "^2.0.14",
      "gatsby-source-filesystem": "^2.0.8",
      "gatsby-source-thirdparty": "^1.0.6",
      "gatsby-transformer-sharp": "^2.1.8",
      "prop-types": "^15.6.2",
      "react": "^16.6.3",
      "react-dom": "^16.6.3",
      "react-helmet": "^5.2.0"
    },
    "keywords": [
      "gatsby"
    ],
    "license": "MIT",
    "scripts": {
      "build": "gatsby build",
      "develop": "gatsby develop",
      "start": "npm run develop",
      "format": "prettier --write \"src/**/*.js\"",
      "test": "echo \"Error: no test specified\" && exit 1"
    },
    "devDependencies": {
      "prettier": "^1.15.2"
    },
    "repository": {
      "type": "git",
      "url": "https://github.com/gatsbyjs/gatsby-starter-default"
    }
  }

yarn manifest: 
  No manifest

Lockfile: 
  No lockfile
